<?xml version="1.0" encoding="UTF-8"?>
<!-- Generated by org.testng.reporters.JUnitReportReporter -->
<testsuite hostname="DESKTOP-V6P52FB" failures="0" tests="1" name="com.TestCases.TC_HomePageTest_021" time="27.048" errors="0" timestamp="2024-04-12T21:52:51 IST" skipped="0">
  <testcase classname="com.TestCases.TC_HomePageTest_021" name="homePageTest" time="27.048"/>
  <system-out/>
</testsuite> <!-- com.TestCases.TC_HomePageTest_021 -->
