<?xml version="1.0" encoding="UTF-8"?>
<!-- Generated by org.testng.reporters.JUnitReportReporter -->
<testsuite hostname="DESKTOP-V6P52FB" failures="0" tests="1" name="com.TestCases.TC_LoginTest_001" time="33.876" errors="0" timestamp="2024-04-12T21:52:52 IST" skipped="0">
  <testcase classname="com.TestCases.TC_LoginTest_001" name="loginTest" time="33.876"/>
  <system-out/>
</testsuite> <!-- com.TestCases.TC_LoginTest_001 -->
