<?xml version="1.0" encoding="UTF-8"?>
<!-- Generated by org.testng.reporters.JUnitReportReporter -->
<testsuite hostname="DESKTOP-V6P52FB" failures="0" tests="1" name="com.TestCases.TC_LoginTest_002" time="0.000" errors="0" timestamp="2024-04-08T16:52:05 IST" skipped="1">
  <testcase classname="com.TestCases.TC_LoginTest_002" name="loginTest2" time="0.000">
    <skipped/>
  </testcase> <!-- loginTest2 -->
  <system-out/>
</testsuite> <!-- com.TestCases.TC_LoginTest_002 -->
