<?xml version="1.0" encoding="UTF-8"?>
<!-- Generated by org.testng.reporters.JUnitReportReporter -->
<testsuite hostname="DESKTOP-V6P52FB" failures="0" tests="1" name="com.TestCases.TC_HomePageTest_027" time="26.041" errors="0" timestamp="2024-04-12T21:52:51 IST" skipped="0">
  <testcase classname="com.TestCases.TC_HomePageTest_027" name="homePageTest" time="26.041"/>
  <system-out/>
</testsuite> <!-- com.TestCases.TC_HomePageTest_027 -->
